
[Incubating] Problems report is available at: file:///C:/Users/rayki/OneDrive/Desktop/Empire/Ideas/Raypher%20_PRO/build/reports/problems/problems-report.html

FAILURE: Build failed with an exception.

* What went wrong:
Task 'cleanBuildCache' not found in root project 'Raypher_Pro' and its subprojects.

* Try:
> Run gradlew tasks to get a list of available tasks.
> For more on name expansion, please refer to https://docs.gradle.org/9.1.0/userguide/command_line_interface.html#sec:name_abbreviation in the Gradle documentation.
> Run with --stacktrace option to get the stack trace.
> Run with --info or --debug option to get more log output.
> Run with --scan to generate a Build Scan (Powered by Develocity).
> Get more help at https://help.gradle.org.

BUILD FAILED in 5s
